<?xml version="1.0" encoding="UTF-8"?>
<testsuite xmlns:xsi="http://www.w3.org/2001/XMLSchema-instance" xsi:noNamespaceSchemaLocation="https://maven.apache.org/surefire/maven-surefire-plugin/xsd/surefire-test-report.xsd" version="3.0.2" name="pers.project.salesmanagement.service.impl.SalesOrderServiceImplTest" time="0.396" tests="3" errors="0" skipped="0" failures="0" flakes="0">
  <properties>
[...]
</properties>
  <testcase name="testCreateSalesOrder_OutOfStock" classname="pers.project.salesmanagement.service.impl.SalesOrderServiceImplTest" time="0.373"/>
  <testcase name="testCreateSalesOrder_Success" classname="pers.project.salesmanagement.service.impl.SalesOrderServiceImplTest" time="0.012"/>
  <testcase name="testDeleteSalesOrder_Success" classname="pers.project.salesmanagement.service.impl.SalesOrderServiceImplTest" time="0.007"/>
</testsuite>